INFO [2024-10-24 23:40:55] $x
INFO [2024-10-24 23:40:55] venn_data
INFO [2024-10-24 23:40:55] 
INFO [2024-10-24 23:40:55] $category.names
INFO [2024-10-24 23:40:55] c("Pisuviricota", "Lenarviricota", "Kitrinoviricota", "Negarnaviricota", 
INFO [2024-10-24 23:40:55]     "Duplornaviricota")
INFO [2024-10-24 23:40:55] 
INFO [2024-10-24 23:40:55] $filename
INFO [2024-10-24 23:40:55] NULL
INFO [2024-10-24 23:40:55] 
INFO [2024-10-24 23:40:55] $output
INFO [2024-10-24 23:40:55] [1] TRUE
INFO [2024-10-24 23:40:55] 
INFO [2024-10-24 23:40:55] $fill
INFO [2024-10-24 23:40:55] c("cornflowerblue", "green", "yellow", "darkorange", "red")
INFO [2024-10-24 23:40:55] 
INFO [2024-10-24 23:40:55] $alpha
INFO [2024-10-24 23:40:55] [1] 0.5
INFO [2024-10-24 23:40:55] 
INFO [2024-10-24 23:40:55] $cex
INFO [2024-10-24 23:40:55] [1] 1.5
INFO [2024-10-24 23:40:55] 
INFO [2024-10-24 23:40:55] $cat.cex
INFO [2024-10-24 23:40:55] [1] 1.5
INFO [2024-10-24 23:40:55] 
INFO [2024-10-24 23:40:55] $cat.pos
INFO [2024-10-24 23:40:55] [1] 0
INFO [2024-10-24 23:40:55] 
INFO [2024-10-24 23:40:55] $cat.dist
INFO [2024-10-24 23:40:55] [1] 0.05
INFO [2024-10-24 23:40:55] 
